<?xml version="1.0" encoding="UTF-8"?>
<!-- Generated by org.testng.reporters.JUnitXMLReporter -->
<testsuite hostname="DESKTOP-HAHT87R" ignored="0" name="Default test" tests="2" failures="0" timestamp="07 Mar 2018 21:03:35 GMT" time="52.129" errors="0">
  <testcase name="loginTest" time="50.982" classname="com.qtpselenium.facebook.tests.LoginTest"/>
  <testcase name="loginTest" time="0.002" classname="com.qtpselenium.facebook.tests.LoginTest">
    <skipped/>
  </testcase> <!-- loginTest -->
</testsuite> <!-- Default test -->
