<?xml version="1.0" encoding="UTF-8"?>
<testng-results skipped="1" failed="0" ignored="0" total="2" passed="1">
  <reporter-output>
  </reporter-output>
  <suite name="Default suite" duration-ms="52129" started-at="2018-03-07T21:02:43Z" finished-at="2018-03-07T21:03:35Z">
    <groups>
    </groups>
    <test name="Default test" duration-ms="52129" started-at="2018-03-07T21:02:43Z" finished-at="2018-03-07T21:03:35Z">
      <class name="com.qtpselenium.facebook.tests.LoginTest">
        <test-method status="PASS" signature="loginTest(java.util.Hashtable)[pri:0, instance:com.qtpselenium.facebook.tests.LoginTest@f5958c9]" name="loginTest" duration-ms="50982" started-at="2018-03-07T21:02:43Z" data-provider="getDataLoginTest" finished-at="2018-03-07T21:03:34Z">
          <params>
            <param index="0">
              <value>
                <![CDATA[{Username=sweet.sanjay@gmail.com, Password=Sonu0383, Runmode=Y, Expected Result=Success, Browser=firefox}]]>
              </value>
            </param>
          </params>
          <reporter-output>
          </reporter-output>
        </test-method> <!-- loginTest -->
        <test-method status="PASS" signature="quit()[pri:0, instance:com.qtpselenium.facebook.tests.LoginTest@f5958c9]" name="quit" is-config="true" duration-ms="721" started-at="2018-03-07T21:03:34Z" finished-at="2018-03-07T21:03:35Z">
          <reporter-output>
          </reporter-output>
        </test-method> <!-- quit -->
        <test-method status="SKIP" signature="loginTest(java.util.Hashtable)[pri:0, instance:com.qtpselenium.facebook.tests.LoginTest@f5958c9]" name="loginTest" duration-ms="2" started-at="2018-03-07T21:03:35Z" data-provider="getDataLoginTest" finished-at="2018-03-07T21:03:35Z">
          <params>
            <param index="0">
              <value>
                <![CDATA[{Username=sweet.sanjay@gmail.com, Password=xxxxx, Runmode=N, Expected Result=Failure, Browser=chrome}]]>
              </value>
            </param>
          </params>
          <exception class="org.testng.SkipException">
            <message>
              <![CDATA[TC Skipped as Runmode is No]]>
            </message>
            <full-stacktrace>
              <![CDATA[org.testng.SkipException: TC Skipped as Runmode is No
at com.qtpselenium.facebook.tests.LoginTest.loginTest(LoginTest.java:30)
at sun.reflect.NativeMethodAccessorImpl.invoke0(Native Method)
at sun.reflect.NativeMethodAccessorImpl.invoke(Unknown Source)
at sun.reflect.DelegatingMethodAccessorImpl.invoke(Unknown Source)
at java.lang.reflect.Method.invoke(Unknown Source)
at org.testng.internal.MethodInvocationHelper.invokeMethod(MethodInvocationHelper.java:124)
at org.testng.internal.Invoker.invokeMethod(Invoker.java:580)
at org.testng.internal.Invoker.invokeTestMethod(Invoker.java:716)
at org.testng.internal.Invoker.invokeTestMethods(Invoker.java:988)
at org.testng.internal.TestMethodWorker.invokeTestMethods(TestMethodWorker.java:125)
at org.testng.internal.TestMethodWorker.run(TestMethodWorker.java:109)
at org.testng.TestRunner.privateRun(TestRunner.java:648)
at org.testng.TestRunner.run(TestRunner.java:505)
at org.testng.SuiteRunner.runTest(SuiteRunner.java:455)
at org.testng.SuiteRunner.runSequentially(SuiteRunner.java:450)
at org.testng.SuiteRunner.privateRun(SuiteRunner.java:415)
at org.testng.SuiteRunner.run(SuiteRunner.java:364)
at org.testng.SuiteRunnerWorker.runSuite(SuiteRunnerWorker.java:52)
at org.testng.SuiteRunnerWorker.run(SuiteRunnerWorker.java:84)
at org.testng.TestNG.runSuitesSequentially(TestNG.java:1208)
at org.testng.TestNG.runSuitesLocally(TestNG.java:1137)
at org.testng.TestNG.runSuites(TestNG.java:1049)
at org.testng.TestNG.run(TestNG.java:1017)
at org.testng.remote.AbstractRemoteTestNG.run(AbstractRemoteTestNG.java:132)
at org.testng.remote.RemoteTestNG.initAndRun(RemoteTestNG.java:236)
at org.testng.remote.RemoteTestNG.main(RemoteTestNG.java:81)
]]>
            </full-stacktrace>
          </exception> <!-- org.testng.SkipException -->
          <reporter-output>
          </reporter-output>
        </test-method> <!-- loginTest -->
        <test-method status="PASS" signature="quit()[pri:0, instance:com.qtpselenium.facebook.tests.LoginTest@f5958c9]" name="quit" is-config="true" duration-ms="287" started-at="2018-03-07T21:03:35Z" finished-at="2018-03-07T21:03:35Z">
          <reporter-output>
          </reporter-output>
        </test-method> <!-- quit -->
      </class> <!-- com.qtpselenium.facebook.tests.LoginTest -->
    </test> <!-- Default test -->
  </suite> <!-- Default suite -->
</testng-results>
